<?xml version="1.0" encoding="UTF-8"?>
<testng-results skipped="0" failed="0" ignored="0" total="2" passed="2">
  <reporter-output>
  </reporter-output>
  <suite name="Suite" duration-ms="16384" started-at="2021-02-02T21:43:52 IST" finished-at="2021-02-02T21:44:08 IST">
    <groups>
    </groups>
    <test name="englishTest" duration-ms="15126" started-at="2021-02-02T21:43:52 IST" finished-at="2021-02-02T21:44:07 IST">
      <class name="testcases.EditLead">
        <test-method status="PASS" signature="getExcel()[pri:0, instance:testcases.EditLead@1fc2b765]" name="getExcel" is-config="true" duration-ms="22" started-at="2021-02-02T21:43:52 IST" finished-at="2021-02-02T21:43:52 IST">
          <reporter-output>
          </reporter-output>
        </test-method> <!-- getExcel -->
        <test-method status="PASS" signature="launchApplication(java.lang.String)[pri:0, instance:testcases.EditLead@1fc2b765]" name="launchApplication" is-config="true" duration-ms="3467" started-at="2021-02-02T21:43:52 IST" finished-at="2021-02-02T21:43:56 IST">
          <params>
            <param index="0">
              <value>
                <![CDATA[english]]>
              </value>
            </param>
          </params>
          <reporter-output>
          </reporter-output>
        </test-method> <!-- launchApplication -->
        <test-method status="PASS" signature="runEditLead(java.lang.String)[pri:0, instance:testcases.EditLead@1fc2b765]" name="runEditLead" duration-ms="11163" started-at="2021-02-02T21:43:56 IST" data-provider="fetchdata" finished-at="2021-02-02T21:44:07 IST">
          <params>
            <param index="0">
              <value>
                <![CDATA[10010]]>
              </value>
            </param>
          </params>
          <reporter-output>
          </reporter-output>
        </test-method> <!-- runEditLead -->
      </class> <!-- testcases.EditLead -->
    </test> <!-- englishTest -->
    <test name="frenchTest" duration-ms="16384" started-at="2021-02-02T21:43:52 IST" finished-at="2021-02-02T21:44:08 IST">
      <class name="testcases.EditLead">
        <test-method status="PASS" signature="getExcel()[pri:0, instance:testcases.EditLead@481a15ff]" name="getExcel" is-config="true" duration-ms="22" started-at="2021-02-02T21:43:52 IST" finished-at="2021-02-02T21:43:52 IST">
          <reporter-output>
          </reporter-output>
        </test-method> <!-- getExcel -->
        <test-method status="PASS" signature="launchApplication(java.lang.String)[pri:0, instance:testcases.EditLead@481a15ff]" name="launchApplication" is-config="true" duration-ms="3482" started-at="2021-02-02T21:43:52 IST" finished-at="2021-02-02T21:43:56 IST">
          <params>
            <param index="0">
              <value>
                <![CDATA[french]]>
              </value>
            </param>
          </params>
          <reporter-output>
          </reporter-output>
        </test-method> <!-- launchApplication -->
        <test-method status="PASS" signature="runEditLead(java.lang.String)[pri:0, instance:testcases.EditLead@481a15ff]" name="runEditLead" duration-ms="12410" started-at="2021-02-02T21:43:56 IST" data-provider="fetchdata" finished-at="2021-02-02T21:44:08 IST">
          <params>
            <param index="0">
              <value>
                <![CDATA[10010]]>
              </value>
            </param>
          </params>
          <reporter-output>
          </reporter-output>
        </test-method> <!-- runEditLead -->
      </class> <!-- testcases.EditLead -->
    </test> <!-- frenchTest -->
  </suite> <!-- Suite -->
</testng-results>
